[debug] [2021-04-11T06:03:16.695Z] ----------------------------------------------------------------------
[debug] [2021-04-11T06:03:16.699Z] Command:       C:\Program Files\nodejs\node.exe C:\Users\AnhLien\AppData\Roaming\npm\node_modules\firebase-tools\lib\bin\firebase.js init
[debug] [2021-04-11T06:03:16.700Z] CLI Version:   9.9.0
[debug] [2021-04-11T06:03:16.700Z] Platform:      win32
[debug] [2021-04-11T06:03:16.700Z] Node Version:  v14.15.3
[debug] [2021-04-11T06:03:16.702Z] Time:          Sun Apr 11 2021 13:03:16 GMT+0700 (Indochina Time)
[debug] [2021-04-11T06:03:16.702Z] ----------------------------------------------------------------------
[debug] 
[debug] [2021-04-11T06:03:16.714Z] > command requires scopes: ["email","openid","https://www.googleapis.com/auth/cloudplatformprojects.readonly","https://www.googleapis.com/auth/firebase","https://www.googleapis.com/auth/cloud-platform"]
[debug] [2021-04-11T06:03:16.714Z] > authorizing via signed-in user (lienho0304@gmail.com)
[info] 
     ######## #### ########  ######## ########     ###     ######  ########
     ##        ##  ##     ## ##       ##     ##  ##   ##  ##       ##
     ######    ##  ########  ######   ########  #########  ######  ######
     ##        ##  ##    ##  ##       ##     ## ##     ##       ## ##
     ##       #### ##     ## ######## ########  ##     ##  ######  ########

You're about to initialize a Firebase project in this directory:

  D:\corona-track-app\covid-traker

[debug] [2021-04-11T06:03:33.639Z] ----------------------------------------------------------------------
[debug] [2021-04-11T06:03:33.643Z] Command:       C:\Program Files\nodejs\node.exe C:\Users\AnhLien\AppData\Roaming\npm\node_modules\firebase-tools\lib\bin\firebase.js init
[debug] [2021-04-11T06:03:33.644Z] CLI Version:   9.9.0
[debug] [2021-04-11T06:03:33.644Z] Platform:      win32
[debug] [2021-04-11T06:03:33.644Z] Node Version:  v14.15.3
[debug] [2021-04-11T06:03:33.646Z] Time:          Sun Apr 11 2021 13:03:33 GMT+0700 (Indochina Time)
[debug] [2021-04-11T06:03:33.646Z] ----------------------------------------------------------------------
[debug] 
[debug] [2021-04-11T06:03:33.658Z] > command requires scopes: ["email","openid","https://www.googleapis.com/auth/cloudplatformprojects.readonly","https://www.googleapis.com/auth/firebase","https://www.googleapis.com/auth/cloud-platform"]
[debug] [2021-04-11T06:03:33.658Z] > authorizing via signed-in user (lienho0304@gmail.com)
[info] 
     ######## #### ########  ######## ########     ###     ######  ########
     ##        ##  ##     ## ##       ##     ##  ##   ##  ##       ##
     ######    ##  ########  ######   ########  #########  ######  ######
     ##        ##  ##    ##  ##       ##     ## ##     ##       ## ##
     ##       #### ##     ## ######## ########  ##     ##  ######  ########

You're about to initialize a Firebase project in this directory:

  D:\corona-track-app\covid-traker

[info] 
=== Project Setup
[info] 
[info] First, let's associate this project directory with a Firebase project.
[info] You can create multiple project aliases by running firebase use --add, 
[info] but for now we'll just set up a default project.
[info] 
[debug] [2021-04-11T06:03:45.538Z] >>> [apiv2][query] GET https://firebase.googleapis.com/v1beta1/projects pageSize=100
[debug] [2021-04-11T06:03:46.177Z] <<< [apiv2][status] GET https://firebase.googleapis.com/v1beta1/projects 200
[debug] [2021-04-11T06:03:46.178Z] <<< [apiv2][body] GET https://firebase.googleapis.com/v1beta1/projects [omitted]
[info] i  Using project covid-traker-anhlien (covid-traker-anhlien) 
[info] 
=== Hosting Setup
[info] 
[info] Your public directory is the folder (relative to your project directory) that
[info] will contain Hosting assets to be uploaded with firebase deploy. If you
[info] have a build process for your assets, use your build's output directory.
[info] 
[debug] [2021-04-11T06:03:52.563Z] >>> [apiv2][query] GET https://www.gstatic.com/firebasejs/releases.json [none]
[debug] [2021-04-11T06:03:52.727Z] <<< [apiv2][status] GET https://www.gstatic.com/firebasejs/releases.json 200
[debug] [2021-04-11T06:03:52.727Z] <<< [apiv2][body] GET https://www.gstatic.com/firebasejs/releases.json {"current":{"version":"8.3.3","browserURL":"https://www.gstatic.com/firebasejs/8.3.3/firebase.js","packageURL":"https://www.gstatic.com/firebasejs/8.3.3/firebase.tgz"},"live":{"version":"8.3","browserURL":"https://www.gstatic.com/firebasejs/live/8.3/firebase.js","packageURL":"https://www.gstatic.com/firebasejs/live/8.3/firebase.tgz"},"components":{"analytics":"https://www.gstatic.com/firebasejs/8.3.3/firebase-analytics.js","app":"https://www.gstatic.com/firebasejs/8.3.3/firebase-app.js","auth":"https://www.gstatic.com/firebasejs/8.3.3/firebase-auth.js","database":"https://www.gstatic.com/firebasejs/8.3.3/firebase-database.js","firestore":"https://www.gstatic.com/firebasejs/8.3.3/firebase-firestore.js","functions":"https://www.gstatic.com/firebasejs/8.3.3/firebase-functions.js","installations":"https://www.gstatic.com/firebasejs/8.3.3/firebase-installations.js","messaging":"https://www.gstatic.com/firebasejs/8.3.3/firebase-messaging.js","storage":"https://www.gstatic.com/firebasejs/8.3.3/firebase-storage.js","performance":"https://www.gstatic.com/firebasejs/8.3.3/firebase-performance.js","remote-config":"https://www.gstatic.com/firebasejs/8.3.3/firebase-remote-config.js","firestore.memory":"https://www.gstatic.com/firebasejs/8.3.3/firebase-firestore.memory.js"}}
[info] +  Wrote public/index.html 
[info] 
[info] i  Detected a .git folder at D:\corona-track-app\covid-traker 
[info] i  Authorizing with GitHub to upload your service account to a GitHub repository's secrets store. 
[info] 
[info] Visit this URL on this device to log in:
[info] https://github.com/login/oauth/authorize?client_id=89cf50f02ac6aaed3484&state=72588462&redirect_uri=http%3A%2F%2Flocalhost%3A9005&scope=read%3Auser%20repo%20public_repo
[info] 
[info] Waiting for authentication...
[debug] [2021-04-11T06:08:26.192Z] ----------------------------------------------------------------------
[debug] [2021-04-11T06:08:26.197Z] Command:       C:\Program Files\nodejs\node.exe C:\Users\AnhLien\AppData\Roaming\npm\node_modules\firebase-tools\lib\bin\firebase.js init
[debug] [2021-04-11T06:08:26.198Z] CLI Version:   9.9.0
[debug] [2021-04-11T06:08:26.198Z] Platform:      win32
[debug] [2021-04-11T06:08:26.198Z] Node Version:  v14.15.3
[debug] [2021-04-11T06:08:26.201Z] Time:          Sun Apr 11 2021 13:08:26 GMT+0700 (Indochina Time)
[debug] [2021-04-11T06:08:26.201Z] ----------------------------------------------------------------------
[debug] 
[debug] [2021-04-11T06:08:26.216Z] > command requires scopes: ["email","openid","https://www.googleapis.com/auth/cloudplatformprojects.readonly","https://www.googleapis.com/auth/firebase","https://www.googleapis.com/auth/cloud-platform"]
[debug] [2021-04-11T06:08:26.217Z] > authorizing via signed-in user (lienho0304@gmail.com)
[info] 
     ######## #### ########  ######## ########     ###     ######  ########
     ##        ##  ##     ## ##       ##     ##  ##   ##  ##       ##
     ######    ##  ########  ######   ########  #########  ######  ######
     ##        ##  ##    ##  ##       ##     ## ##     ##       ## ##
     ##       #### ##     ## ######## ########  ##     ##  ######  ########

You're about to initialize a Firebase project in this directory:

  D:\corona-track-app\covid-traker

[info] 
=== Project Setup
[info] 
[info] First, let's associate this project directory with a Firebase project.
[info] You can create multiple project aliases by running firebase use --add, 
[info] but for now we'll just set up a default project.
[info] 
[debug] [2021-04-11T06:08:38.049Z] >>> [apiv2][query] GET https://firebase.googleapis.com/v1beta1/projects pageSize=100
[debug] [2021-04-11T06:08:38.606Z] <<< [apiv2][status] GET https://firebase.googleapis.com/v1beta1/projects 200
[debug] [2021-04-11T06:08:38.607Z] <<< [apiv2][body] GET https://firebase.googleapis.com/v1beta1/projects [omitted]
[info] i  Using project covid-traker-anhlien (covid-traker-anhlien) 
[info] 
=== Hosting Setup
[info] 
[info] Your public directory is the folder (relative to your project directory) that
[info] will contain Hosting assets to be uploaded with firebase deploy. If you
[info] have a build process for your assets, use your build's output directory.
[info] 
[debug] [2021-04-11T06:10:51.888Z] >>> [apiv2][query] GET https://www.gstatic.com/firebasejs/releases.json [none]
[debug] [2021-04-11T06:10:52.028Z] <<< [apiv2][status] GET https://www.gstatic.com/firebasejs/releases.json 200
[debug] [2021-04-11T06:10:52.029Z] <<< [apiv2][body] GET https://www.gstatic.com/firebasejs/releases.json {"current":{"version":"8.3.3","browserURL":"https://www.gstatic.com/firebasejs/8.3.3/firebase.js","packageURL":"https://www.gstatic.com/firebasejs/8.3.3/firebase.tgz"},"live":{"version":"8.3","browserURL":"https://www.gstatic.com/firebasejs/live/8.3/firebase.js","packageURL":"https://www.gstatic.com/firebasejs/live/8.3/firebase.tgz"},"components":{"analytics":"https://www.gstatic.com/firebasejs/8.3.3/firebase-analytics.js","app":"https://www.gstatic.com/firebasejs/8.3.3/firebase-app.js","auth":"https://www.gstatic.com/firebasejs/8.3.3/firebase-auth.js","database":"https://www.gstatic.com/firebasejs/8.3.3/firebase-database.js","firestore":"https://www.gstatic.com/firebasejs/8.3.3/firebase-firestore.js","functions":"https://www.gstatic.com/firebasejs/8.3.3/firebase-functions.js","installations":"https://www.gstatic.com/firebasejs/8.3.3/firebase-installations.js","messaging":"https://www.gstatic.com/firebasejs/8.3.3/firebase-messaging.js","storage":"https://www.gstatic.com/firebasejs/8.3.3/firebase-storage.js","performance":"https://www.gstatic.com/firebasejs/8.3.3/firebase-performance.js","remote-config":"https://www.gstatic.com/firebasejs/8.3.3/firebase-remote-config.js","firestore.memory":"https://www.gstatic.com/firebasejs/8.3.3/firebase-firestore.memory.js"}}
[info] +  Wrote build/index.html 
[info] 
[info] i  Detected a .git folder at D:\corona-track-app\covid-traker 
[info] i  Authorizing with GitHub to upload your service account to a GitHub repository's secrets store. 
[info] 
[info] Visit this URL on this device to log in:
[info] https://github.com/login/oauth/authorize?client_id=89cf50f02ac6aaed3484&state=691466464&redirect_uri=http%3A%2F%2Flocalhost%3A9005&scope=read%3Auser%20repo%20public_repo
[info] 
[info] Waiting for authentication...
[debug] [2021-04-11T06:14:06.066Z] ----------------------------------------------------------------------
[debug] [2021-04-11T06:14:06.070Z] Command:       C:\Program Files\nodejs\node.exe C:\Users\AnhLien\AppData\Roaming\npm\node_modules\firebase-tools\lib\bin\firebase.js init
[debug] [2021-04-11T06:14:06.071Z] CLI Version:   9.9.0
[debug] [2021-04-11T06:14:06.071Z] Platform:      win32
[debug] [2021-04-11T06:14:06.072Z] Node Version:  v14.15.3
[debug] [2021-04-11T06:14:06.074Z] Time:          Sun Apr 11 2021 13:14:06 GMT+0700 (Indochina Time)
[debug] [2021-04-11T06:14:06.074Z] ----------------------------------------------------------------------
[debug] 
[debug] [2021-04-11T06:14:06.085Z] > command requires scopes: ["email","openid","https://www.googleapis.com/auth/cloudplatformprojects.readonly","https://www.googleapis.com/auth/firebase","https://www.googleapis.com/auth/cloud-platform"]
[debug] [2021-04-11T06:14:06.086Z] > authorizing via signed-in user (lienho0304@gmail.com)
[info] 
     ######## #### ########  ######## ########     ###     ######  ########
     ##        ##  ##     ## ##       ##     ##  ##   ##  ##       ##
     ######    ##  ########  ######   ########  #########  ######  ######
     ##        ##  ##    ##  ##       ##     ## ##     ##       ## ##
     ##       #### ##     ## ######## ########  ##     ##  ######  ########

You're about to initialize a Firebase project in this directory:

  D:\corona-track-app\covid-traker

[info] 
=== Project Setup
[info] 
[info] First, let's associate this project directory with a Firebase project.
[info] You can create multiple project aliases by running firebase use --add, 
[info] but for now we'll just set up a default project.
[info] 
[debug] [2021-04-11T06:14:12.968Z] >>> [apiv2][query] GET https://firebase.googleapis.com/v1beta1/projects pageSize=100
[debug] [2021-04-11T06:14:13.797Z] <<< [apiv2][status] GET https://firebase.googleapis.com/v1beta1/projects 200
[debug] [2021-04-11T06:14:13.797Z] <<< [apiv2][body] GET https://firebase.googleapis.com/v1beta1/projects [omitted]
[info] i  Using project covid-traker-anhlien (covid-traker-anhlien) 
[info] 
=== Hosting Setup
[info] 
[info] Your public directory is the folder (relative to your project directory) that
[info] will contain Hosting assets to be uploaded with firebase deploy. If you
[info] have a build process for your assets, use your build's output directory.
[info] 
[debug] [2021-04-11T06:14:20.089Z] >>> [apiv2][query] GET https://www.gstatic.com/firebasejs/releases.json [none]
[debug] [2021-04-11T06:14:20.267Z] <<< [apiv2][status] GET https://www.gstatic.com/firebasejs/releases.json 200
[debug] [2021-04-11T06:14:20.267Z] <<< [apiv2][body] GET https://www.gstatic.com/firebasejs/releases.json {"current":{"version":"8.3.3","browserURL":"https://www.gstatic.com/firebasejs/8.3.3/firebase.js","packageURL":"https://www.gstatic.com/firebasejs/8.3.3/firebase.tgz"},"live":{"version":"8.3","browserURL":"https://www.gstatic.com/firebasejs/live/8.3/firebase.js","packageURL":"https://www.gstatic.com/firebasejs/live/8.3/firebase.tgz"},"components":{"analytics":"https://www.gstatic.com/firebasejs/8.3.3/firebase-analytics.js","app":"https://www.gstatic.com/firebasejs/8.3.3/firebase-app.js","auth":"https://www.gstatic.com/firebasejs/8.3.3/firebase-auth.js","database":"https://www.gstatic.com/firebasejs/8.3.3/firebase-database.js","firestore":"https://www.gstatic.com/firebasejs/8.3.3/firebase-firestore.js","functions":"https://www.gstatic.com/firebasejs/8.3.3/firebase-functions.js","installations":"https://www.gstatic.com/firebasejs/8.3.3/firebase-installations.js","messaging":"https://www.gstatic.com/firebasejs/8.3.3/firebase-messaging.js","storage":"https://www.gstatic.com/firebasejs/8.3.3/firebase-storage.js","performance":"https://www.gstatic.com/firebasejs/8.3.3/firebase-performance.js","remote-config":"https://www.gstatic.com/firebasejs/8.3.3/firebase-remote-config.js","firestore.memory":"https://www.gstatic.com/firebasejs/8.3.3/firebase-firestore.memory.js"}}
[info] i  Skipping write of public/index.html 
[info] 
[info] i  Detected a .git folder at D:\corona-track-app\covid-traker 
[info] i  Authorizing with GitHub to upload your service account to a GitHub repository's secrets store. 
[info] 
[info] Visit this URL on this device to log in:
[info] https://github.com/login/oauth/authorize?client_id=89cf50f02ac6aaed3484&state=100092440&redirect_uri=http%3A%2F%2Flocalhost%3A9005&scope=read%3Auser%20repo%20public_repo
[info] 
[info] Waiting for authentication...
[debug] [2021-04-11T06:14:28.227Z] >>> HTTP REQUEST POST https://github.com/login/oauth/access_token  
 {"client_id":"89cf50f02ac6aaed3484","client_secret":"3330d14abc895d9a74d5f17cd7a00711fa2c5bf0","code":"263f0422e16ec78a4770","redirect_uri":"http://localhost:9005","state":"100092440"}
[debug] [2021-04-11T06:14:29.032Z] <<< HTTP RESPONSE 200 {"server":"GitHub.com","date":"Sun, 11 Apr 2021 06:14:30 GMT","content-type":"application/json; charset=utf-8","transfer-encoding":"chunked","vary":"X-PJAX, Accept-Encoding, Accept, X-Requested-With","etag":"W/\"b8d5c5b4f8bb1eddf8998cedd12b3862\"","cache-control":"max-age=0, private, must-revalidate","strict-transport-security":"max-age=31536000; includeSubdomains; preload","x-frame-options":"deny","x-content-type-options":"nosniff","x-xss-protection":"0","referrer-policy":"origin-when-cross-origin, strict-origin-when-cross-origin","expect-ct":"max-age=2592000, report-uri=\"https://api.github.com/_private/browser/errors\"","content-security-policy":"default-src 'none'; base-uri 'self'; block-all-mixed-content; connect-src 'self' uploads.github.com www.githubstatus.com collector.githubapp.com api.github.com github-cloud.s3.amazonaws.com github-production-repository-file-5c1aeb.s3.amazonaws.com github-production-upload-manifest-file-7fdce7.s3.amazonaws.com github-production-user-asset-6210df.s3.amazonaws.com cdn.optimizely.com logx.optimizely.com/v1/events wss://alive.github.com; font-src github.githubassets.com; form-action 'self' github.com gist.github.com; frame-ancestors 'none'; frame-src render.githubusercontent.com; img-src 'self' data: github.githubassets.com identicons.github.com collector.githubapp.com github-cloud.s3.amazonaws.com secured-user-images.githubusercontent.com/ *.githubusercontent.com; manifest-src 'self'; media-src 'none'; script-src github.githubassets.com; style-src 'unsafe-inline' github.githubassets.com; worker-src github.com/socket-worker-3f088aa2.js gist.github.com/socket-worker-3f088aa2.js","x-github-request-id":"C5B8:5D0F:20FA498:22B6D6F:607293C6"}
[debug] [2021-04-11T06:14:29.039Z] >>> [apiv2][query] GET https://api.github.com/user [none]
[debug] [2021-04-11T06:14:29.816Z] <<< [apiv2][status] GET https://api.github.com/user 200
[debug] [2021-04-11T06:14:29.816Z] <<< [apiv2][body] GET https://api.github.com/user {"login":"lienho0304","id":82303859,"node_id":"MDQ6VXNlcjgyMzAzODU5","avatar_url":"https://avatars.githubusercontent.com/u/82303859?v=4","gravatar_id":"","url":"https://api.github.com/users/lienho0304","html_url":"https://github.com/lienho0304","followers_url":"https://api.github.com/users/lienho0304/followers","following_url":"https://api.github.com/users/lienho0304/following{/other_user}","gists_url":"https://api.github.com/users/lienho0304/gists{/gist_id}","starred_url":"https://api.github.com/users/lienho0304/starred{/owner}{/repo}","subscriptions_url":"https://api.github.com/users/lienho0304/subscriptions","organizations_url":"https://api.github.com/users/lienho0304/orgs","repos_url":"https://api.github.com/users/lienho0304/repos","events_url":"https://api.github.com/users/lienho0304/events{/privacy}","received_events_url":"https://api.github.com/users/lienho0304/received_events","type":"User","site_admin":false,"name":null,"company":null,"blog":"","location":null,"email":null,"hireable":null,"bio":null,"twitter_username":null,"public_repos":1,"public_gists":0,"followers":0,"following":0,"created_at":"2021-04-11T05:43:27Z","updated_at":"2021-04-11T05:43:28Z","private_gists":0,"total_private_repos":0,"owned_private_repos":0,"disk_usage":0,"collaborators":0,"two_factor_authentication":false,"plan":{"name":"free","space":976562499,"collaborators":0,"private_repos":10000}}
[info] 
[info] +  Success! Logged into GitHub as lienho0304 
[info] 
[debug] [2021-04-11T06:15:18.991Z] >>> [apiv2][query] GET https://api.github.com/repos//actions/secrets/public-key type=owner
[debug] [2021-04-11T06:15:19.849Z] >>> [apiv2][query] GET https://api.github.com/repos//actions/secrets/public-key type=owner
[debug] [2021-04-11T06:15:20.504Z] <<< [apiv2][status] GET https://api.github.com/repos//actions/secrets/public-key 404
[debug] [2021-04-11T06:15:20.505Z] <<< [apiv2][body] GET https://api.github.com/repos//actions/secrets/public-key {"message":"Not Found","documentation_url":"https://docs.github.com/rest"}
[debug] [2021-04-11T06:15:20.648Z] <<< [apiv2][status] GET https://api.github.com/repos//actions/secrets/public-key 404
[debug] [2021-04-11T06:15:20.648Z] <<< [apiv2][body] GET https://api.github.com/repos//actions/secrets/public-key {"message":"Not Found","documentation_url":"https://docs.github.com/rest"}
[debug] [2021-04-11T06:15:26.875Z] >>> [apiv2][query] GET https://api.github.com/repos//actions/secrets/public-key type=owner
[debug] [2021-04-11T06:15:27.568Z] <<< [apiv2][status] GET https://api.github.com/repos//actions/secrets/public-key 404
[debug] [2021-04-11T06:15:27.568Z] <<< [apiv2][body] GET https://api.github.com/repos//actions/secrets/public-key {"message":"Not Found","documentation_url":"https://docs.github.com/rest"}
[debug] [2021-04-11T06:15:30.920Z] >>> [apiv2][query] GET https://api.github.com/repos//actions/secrets/public-key type=owner
[debug] [2021-04-11T06:15:31.577Z] <<< [apiv2][status] GET https://api.github.com/repos//actions/secrets/public-key 404
[debug] [2021-04-11T06:15:31.577Z] <<< [apiv2][body] GET https://api.github.com/repos//actions/secrets/public-key {"message":"Not Found","documentation_url":"https://docs.github.com/rest"}
[debug] [2021-04-11T06:15:34.839Z] >>> [apiv2][query] GET https://api.github.com/repos/git innit/actions/secrets/public-key type=owner
[debug] [2021-04-11T06:15:35.573Z] <<< [apiv2][status] GET https://api.github.com/repos/git innit/actions/secrets/public-key 404
[debug] [2021-04-11T06:15:35.573Z] <<< [apiv2][body] GET https://api.github.com/repos/git innit/actions/secrets/public-key {"message":"Not Found","documentation_url":"https://docs.github.com/rest"}
